Ansys Lumerical 2022 R1.3 FDTD Solver Version 8.27.3016 (Windows 64bit)
 expires (month/day/year): 1/29/2024
using config file: Ansys Licensing set with ANSYSLMD_LICENSE_FILE
license host: 1055@10.110.1.121
current time: Mon Mar 27 22:09:16 2023
Running on host: EC2AMAZ-5KQJIV4
host available memory (GB): 6.202372
All processes are communicating and ready to proceed to simulation...
Running fsp file: C:\Program Files\Lumerical\v221\bin\fdtd-engine-msmpi.exe -t 1 -remote D:/RMITRaceHubDataHiepDX/Lumerical-Coding/bend_FDTD_top_field.fsp
Starting meshing
Simulation size in gridpoints: 35 x 1 x 19
Refined 0 mesh cells (0%)
Completed meshing!
Meshing complete in 0 seconds of CPU time
Starting meshing
Simulation size in gridpoints: 35 x 1 x 19
Refined 0 mesh cells (0%)
Completed meshing!
Meshing complete in 0 seconds of CPU time
Starting meshing
Simulation size in gridpoints: 35 x 1 x 19
Refined 0 mesh cells (0%)
Completed meshing!
Meshing complete in 0 seconds of CPU time
number of processors is 1
processors are distributed as: 1x1x1
Running 3D Simulation
Starting meshing
Simulation size in gridpoints: 195 x 188 x 33
Refined 0 mesh cells (0%)
Completed meshing!
Meshing complete in 1.46875 seconds of CPU time
0 0
Starting meshing
Simulation size in gridpoints: 195 x 188 x 33
Refined 0 mesh cells (0%)
Completed meshing!
Meshing complete in 1.45313 seconds of CPU time
0 0
Starting meshing
Simulation size in gridpoints: 195 x 188 x 33
Refined 0 mesh cells (0%)
Completed meshing!
Meshing complete in 1.40625 seconds of CPU time
0 0
finished material properties
Meshing Time: 3.01843 seconds, Init Electrical Material Time: 0.120186 seconds, Init Magnetic Material Time: 0.0046647
Using selected optimization level: 2
Selecting 3d kernel for splitFieldDirection=0 and optLevel=2
-----------------------------------------
Beginning initialization of 3D Simulation
Starting to add sources to simulation
Adding 3D Mode source propagating in Y
Starting to add boundary conditions to simulation
Adding 3D PML BC
Adding 3D PML BC
Adding 3D PML BC
Adding 3D PML BC
Adding 3D PML BC
Adding 3D PML BC
Starting to add monitors to Simulation
Adding analysis monitor
Adding 3D DFT monitor
Adding 3D DFT monitor
Adding 3D DFT monitor
Finished initialization of 3D Simulation
-----------------------------------------
All processes are communicating and ready to proceed to simulation...
Starting 7157 total iterations
0.670629% complete. Max time remaining: 2 mins, 1 secs. Auto Shutoff: 1
2.45897% complete. Max time remaining: 1 min, 58 secs. Auto Shutoff: 1
4.24732% complete. Max time remaining: 1 min, 57 secs. Auto Shutoff: 1
6.03566% complete. Max time remaining: 1 min, 54 secs. Auto Shutoff: 1
7.82401% complete. Max time remaining: 1 min, 53 secs. Auto Shutoff: 1.00019
9.61235% complete. Max time remaining: 1 min, 51 secs. Auto Shutoff: 0.992044
11.4007% complete. Max time remaining: 1 min, 48 secs. Auto Shutoff: 0.998784
13.189% complete. Max time remaining: 1 min, 46 secs. Auto Shutoff: 0.99739
14.9774% complete. Max time remaining: 1 min, 44 secs. Auto Shutoff: 0.996101
16.7657% complete. Max time remaining: 1 min, 41 secs. Auto Shutoff: 0.993194
18.5541% complete. Max time remaining: 1 min, 39 secs. Auto Shutoff: 1.0031
20.3424% complete. Max time remaining: 1 min, 37 secs. Auto Shutoff: 0.994414
22.1308% complete. Max time remaining: 1 min, 35 secs. Auto Shutoff: 0.992322
23.9191% complete. Max time remaining: 1 min, 32 secs. Auto Shutoff: 0.991764
25.7075% complete. Max time remaining: 1 min, 30 secs. Auto Shutoff: 0.991924
27.4958% complete. Max time remaining: 1 min, 28 secs. Auto Shutoff: 0.98035
29.2841% complete. Max time remaining: 1 min, 30 secs. Auto Shutoff: 0.472994
30.6254% complete. Max time remaining: 1 min, 31 secs. Auto Shutoff: 0.00270006
31.9667% complete. Max time remaining: 1 min, 33 secs. Auto Shutoff: 0.00157694
33.3079% complete. Max time remaining: 1 min, 32 secs. Auto Shutoff: 0.00140266
35.0963% complete. Max time remaining: 1 min, 31 secs. Auto Shutoff: 0.00127099
36.4375% complete. Max time remaining: 1 min, 32 secs. Auto Shutoff: 0.00107075
37.7788% complete. Max time remaining: 1 min, 29 secs. Auto Shutoff: 0.0009711
39.5671% complete. Max time remaining: 1 min, 26 secs. Auto Shutoff: 0.000818971
41.3555% complete. Max time remaining: 1 min, 23 secs. Auto Shutoff: 0.000566969
43.1438% complete. Max time remaining: 1 min, 20 secs. Auto Shutoff: 0.000460241
44.9322% complete. Max time remaining: 1 min, 17 secs. Auto Shutoff: 0.000316968
46.7205% complete. Max time remaining: 1 min, 14 secs. Auto Shutoff: 4.56545e-05
48.5089% complete. Max time remaining: 1 min, 11 secs. Auto Shutoff: 2.76586e-05
50.2972% complete. Max time remaining: 1 min, 9 secs. Auto Shutoff: 1.44806e-05
52.0855% complete. Max time remaining: 1 min, 6 secs. Auto Shutoff: 1.04585e-05
100% complete. Max time remaining: 0 mins, 0 secs. Auto Shutoff: 9.28266e-06
Early termination of simulation, the autoshutoff criteria are satisfied.
Completed 3747 iterations, or 5.235100e-13s of Simulation Time
Process 0 starting to collect data
    collecting monitor data
    collecting source data
Finished collecting data
Simulation completed successfully at: Mon Mar 27 22:10:33 2023
Overall wall time measurements in seconds: 77.5824
    time to mesh and initialize: 4.8112
    time to run FDTD simulation: 71.9326
    time to checkpoint simulation: 5e-07
    time to finalize data and save to files: 0.0460132
    miscellaneous time: 0.792609
    FDTD solver speed on process 0: 63.018 Mnodes/s
    total FDTD solver speed on 1 processes: 63.018 Mnodes/s
