Ansys Lumerical 2022 R1.3 FDTD Solver Version 8.27.3016 (Windows 64bit)
 expires (month/day/year): 1/29/2024
using config file: Ansys Licensing set with ANSYSLMD_LICENSE_FILE
license host: 1055@10.110.1.121
current time: Mon Mar 27 21:11:43 2023
Running on host: EC2AMAZ-5KQJIV4
host available memory (GB): 6.412796
All processes are communicating and ready to proceed to simulation...
Running fsp file: C:\Program Files\Lumerical\v221\bin\fdtd-engine-msmpi.exe -t 1 -remote D:/RMITRaceHubDataHiepDX/Lumerical-Coding/RR_Add_Drop_2 - 0.45x0.24_group_spectraa.fsp
Starting meshing
Simulation size in gridpoints: 1 x 103 x 1
Refined 0 mesh cells (0%)
Completed meshing!
Meshing complete in 0 seconds of CPU time
Starting meshing
Simulation size in gridpoints: 1 x 103 x 1
Refined 0 mesh cells (0%)
Completed meshing!
Meshing complete in 0 seconds of CPU time
Starting meshing
Simulation size in gridpoints: 1 x 103 x 1
Refined 0 mesh cells (0%)
Completed meshing!
Meshing complete in 0 seconds of CPU time
number of processors is 1
processors are distributed as: 1x1x1
Running 2D Simulation
Starting meshing
Simulation size in gridpoints: 1268 x 592 x 1
Refined 0 mesh cells (0%)
Completed meshing!
Meshing complete in 0.71875 seconds of CPU time
80768 80768
Starting meshing
Simulation size in gridpoints: 1268 x 592 x 1
Refined 0 mesh cells (0%)
Completed meshing!
Meshing complete in 0.875 seconds of CPU time
80800 80800
finished material properties
Selected kernel with optimization level: 2 and split-field propagation direction: 0
Starting meshing
Simulation size in gridpoints: 1268 x 592 x 1
Refined 0 mesh cells (0%)
Completed meshing!
Meshing complete in 0.734375 seconds of CPU time
34688 34688
Selected kernel with optimization level: 2 and split-field propagation direction: 0
-----------------------------------------
Beginning initialization of 2D FDTD Simulation
  Including TE Simulation
Starting to add sources to simulation

Adding Mode source propagating in X
Starting to add boundary conditions to simulation
Adding PML BC
Adding PML BC
Adding PML BC
Adding PML BC
Starting to add monitors to Simulation
Adding analysis monitor
Adding frequency monitor
Adding frequency monitor
Adding time monitor
Adding time monitor
Finished initialization of 2D Simulation
-----------------------------------------
All processes are communicating and ready to proceed to simulation...
Starting 393593 total iterations
0.0121953% complete. Max time remaining: 33 mins, 17 secs. Auto Shutoff: 1
1.0366% complete. Max time remaining: 33 mins, 40 secs. Auto Shutoff: 1.00537
2.07727% complete. Max time remaining: 33 mins, 5 secs. Auto Shutoff: 0.791048
3.11794% complete. Max time remaining: 32 mins, 42 secs. Auto Shutoff: 0.369936
4.15861% complete. Max time remaining: 32 mins, 42 secs. Auto Shutoff: 0.179871
5.19927% complete. Max time remaining: 32 mins, 28 secs. Auto Shutoff: 0.110646
6.23994% complete. Max time remaining: 32 mins, 8 secs. Auto Shutoff: 0.0746625
7.28061% complete. Max time remaining: 31 mins, 47 secs. Auto Shutoff: 0.0533149
8.32128% complete. Max time remaining: 31 mins, 27 secs. Auto Shutoff: 0.0394528
9.32943% complete. Max time remaining: 31 mins, 38 secs. Auto Shutoff: 0.0388485
10.3538% complete. Max time remaining: 33 mins, 8 secs. Auto Shutoff: 0.0296117
11.3945% complete. Max time remaining: 32 mins, 48 secs. Auto Shutoff: 0.0232007
12.4352% complete. Max time remaining: 32 mins, 12 secs. Auto Shutoff: 0.0185888
13.4758% complete. Max time remaining: 31 mins, 39 secs. Auto Shutoff: 0.0145092
14.5165% complete. Max time remaining: 31 mins, 10 secs. Auto Shutoff: 0.0118875
15.5572% complete. Max time remaining: 30 mins, 37 secs. Auto Shutoff: 0.00972499
16.5978% complete. Max time remaining: 30 mins, 6 secs. Auto Shutoff: 0.00954087
17.6385% complete. Max time remaining: 29 mins, 36 secs. Auto Shutoff: 0.00798991
18.6792% complete. Max time remaining: 29 mins, 6 secs. Auto Shutoff: 0.00656299
19.7198% complete. Max time remaining: 28 mins, 38 secs. Auto Shutoff: 0.00554881
20.7605% complete. Max time remaining: 28 mins, 13 secs. Auto Shutoff: 0.00470253
21.8012% complete. Max time remaining: 27 mins, 48 secs. Auto Shutoff: 0.00403851
22.8418% complete. Max time remaining: 27 mins, 20 secs. Auto Shutoff: 0.00349217
23.8825% complete. Max time remaining: 26 mins, 54 secs. Auto Shutoff: 0.00331755
24.9232% complete. Max time remaining: 26 mins, 29 secs. Auto Shutoff: 0.00308892
25.9639% complete. Max time remaining: 26 mins, 3 secs. Auto Shutoff: 0.00258566
27.0045% complete. Max time remaining: 25 mins, 38 secs. Auto Shutoff: 0.00229171
28.0452% complete. Max time remaining: 25 mins, 14 secs. Auto Shutoff: 0.00199672
29.0859% complete. Max time remaining: 24 mins, 50 secs. Auto Shutoff: 0.00169298
30.1265% complete. Max time remaining: 24 mins, 26 secs. Auto Shutoff: 0.00152759
31.1672% complete. Max time remaining: 24 mins, 3 secs. Auto Shutoff: 0.00151224
32.2079% complete. Max time remaining: 23 mins, 41 secs. Auto Shutoff: 0.00130466
33.2485% complete. Max time remaining: 23 mins, 18 secs. Auto Shutoff: 0.00117201
34.2892% complete. Max time remaining: 22 mins, 54 secs. Auto Shutoff: 0.000997998
35.3299% complete. Max time remaining: 22 mins, 31 secs. Auto Shutoff: 0.000883541
36.3705% complete. Max time remaining: 22 mins, 9 secs. Auto Shutoff: 0.000811325
37.4112% complete. Max time remaining: 21 mins, 47 secs. Auto Shutoff: 0.000765073
38.4519% complete. Max time remaining: 21 mins, 25 secs. Auto Shutoff: 0.000713065
39.4925% complete. Max time remaining: 21 mins, 3 secs. Auto Shutoff: 0.000652019
40.5332% complete. Max time remaining: 20 mins, 43 secs. Auto Shutoff: 0.00058355
41.5739% complete. Max time remaining: 20 mins, 21 secs. Auto Shutoff: 0.00053041
42.6145% complete. Max time remaining: 19 mins, 59 secs. Auto Shutoff: 0.000460625
43.6552% complete. Max time remaining: 19 mins, 38 secs. Auto Shutoff: 0.000434492
44.6959% complete. Max time remaining: 19 mins, 16 secs. Auto Shutoff: 0.000378685
45.7365% complete. Max time remaining: 18 mins, 53 secs. Auto Shutoff: 0.000399033
46.7772% complete. Max time remaining: 18 mins, 33 secs. Auto Shutoff: 0.000350969
47.8179% complete. Max time remaining: 18 mins, 10 secs. Auto Shutoff: 0.000339764
48.8585% complete. Max time remaining: 17 mins, 47 secs. Auto Shutoff: 0.000283087
49.8992% complete. Max time remaining: 17 mins, 25 secs. Auto Shutoff: 0.000265185
50.9399% complete. Max time remaining: 17 mins, 2 secs. Auto Shutoff: 0.00023104
51.9806% complete. Max time remaining: 16 mins, 41 secs. Auto Shutoff: 0.000218754
53.0212% complete. Max time remaining: 16 mins, 20 secs. Auto Shutoff: 0.000201748
54.0619% complete. Max time remaining: 15 mins, 58 secs. Auto Shutoff: 0.000188302
55.1026% complete. Max time remaining: 15 mins, 36 secs. Auto Shutoff: 0.000170525
56.1432% complete. Max time remaining: 15 mins, 14 secs. Auto Shutoff: 0.000155835
57.1839% complete. Max time remaining: 14 mins, 53 secs. Auto Shutoff: 0.000148449
58.2246% complete. Max time remaining: 14 mins, 31 secs. Auto Shutoff: 0.00014329
59.2652% complete. Max time remaining: 14 mins, 9 secs. Auto Shutoff: 0.000136321
60.3059% complete. Max time remaining: 13 mins, 47 secs. Auto Shutoff: 0.000118359
61.3466% complete. Max time remaining: 13 mins, 25 secs. Auto Shutoff: 0.000125826
62.3872% complete. Max time remaining: 13 mins, 3 secs. Auto Shutoff: 0.000105033
63.4279% complete. Max time remaining: 12 mins, 41 secs. Auto Shutoff: 9.85609e-05
64.4686% complete. Max time remaining: 12 mins, 19 secs. Auto Shutoff: 8.87249e-05
65.5092% complete. Max time remaining: 11 mins, 57 secs. Auto Shutoff: 8.44803e-05
66.5499% complete. Max time remaining: 11 mins, 35 secs. Auto Shutoff: 7.73717e-05
67.5906% complete. Max time remaining: 11 mins, 14 secs. Auto Shutoff: 8.02074e-05
68.6312% complete. Max time remaining: 10 mins, 52 secs. Auto Shutoff: 6.82534e-05
69.6719% complete. Max time remaining: 10 mins, 34 secs. Auto Shutoff: 6.86751e-05
70.7126% complete. Max time remaining: 10 mins, 13 secs. Auto Shutoff: 5.83197e-05
71.7532% complete. Max time remaining: 9 mins, 51 secs. Auto Shutoff: 5.72626e-05
72.7939% complete. Max time remaining: 9 mins, 29 secs. Auto Shutoff: 5.47138e-05
73.8346% complete. Max time remaining: 9 mins, 7 secs. Auto Shutoff: 4.82373e-05
74.8752% complete. Max time remaining: 8 mins, 45 secs. Auto Shutoff: 4.78594e-05
75.9159% complete. Max time remaining: 8 mins, 23 secs. Auto Shutoff: 4.65031e-05
76.9566% complete. Max time remaining: 8 mins, 2 secs. Auto Shutoff: 4.35845e-05
77.9973% complete. Max time remaining: 7 mins, 40 secs. Auto Shutoff: 3.67063e-05
79.0379% complete. Max time remaining: 7 mins, 18 secs. Auto Shutoff: 3.54602e-05
80.0786% complete. Max time remaining: 6 mins, 56 secs. Auto Shutoff: 3.62331e-05
81.1193% complete. Max time remaining: 6 mins, 34 secs. Auto Shutoff: 3.39474e-05
82.1599% complete. Max time remaining: 6 mins, 12 secs. Auto Shutoff: 3.29505e-05
83.2006% complete. Max time remaining: 5 mins, 50 secs. Auto Shutoff: 3.39456e-05
84.2413% complete. Max time remaining: 5 mins, 29 secs. Auto Shutoff: 2.79291e-05
85.2819% complete. Max time remaining: 5 mins, 7 secs. Auto Shutoff: 2.91607e-05
86.3226% complete. Max time remaining: 4 mins, 45 secs. Auto Shutoff: 2.45408e-05
87.3633% complete. Max time remaining: 4 mins, 23 secs. Auto Shutoff: 2.30638e-05
88.4039% complete. Max time remaining: 4 mins, 2 secs. Auto Shutoff: 2.05885e-05
89.4446% complete. Max time remaining: 3 mins, 40 secs. Auto Shutoff: 2.1801e-05
90.4853% complete. Max time remaining: 3 mins, 18 secs. Auto Shutoff: 1.89786e-05
91.5259% complete. Max time remaining: 2 mins, 57 secs. Auto Shutoff: 1.89278e-05
92.5666% complete. Max time remaining: 2 mins, 35 secs. Auto Shutoff: 1.78124e-05
93.6073% complete. Max time remaining: 2 mins, 13 secs. Auto Shutoff: 1.67636e-05
94.6479% complete. Max time remaining: 1 min, 51 secs. Auto Shutoff: 1.64093e-05
95.6886% complete. Max time remaining: 1 min, 30 secs. Auto Shutoff: 1.47775e-05
96.7293% complete. Max time remaining: 1 min, 8 secs. Auto Shutoff: 1.44952e-05
97.7699% complete. Max time remaining: 46 secs. Auto Shutoff: 1.31375e-05
98.8106% complete. Max time remaining: 25 secs. Auto Shutoff: 1.19642e-05
99.8513% complete. Max time remaining: 3 secs. Auto Shutoff: 1.21314e-05
Completed 393593 iterations, or 1.999998e-11s of Simulation Time
Process 0 starting to collect data
    collecting TM monitor data
    collecting TE monitor data
    collecting TM source data
    collecting TE source data
Finished collecting data
Simulation completed successfully at: Mon Mar 27 21:46:30 2023
Overall wall time measurements in seconds: 2086.47
    time to mesh and initialize: 2.66874
    time to run FDTD simulation: 2082.55
    time to checkpoint simulation: 6e-07
    time to finalize data and save to files: 0.117899
    miscellaneous time: 1.12987
    FDTD solver speed on process 0: 141.871 Mnodes/s
    total FDTD solver speed on 1 processes: 141.871 Mnodes/s
