Ansys Lumerical 2022 R1.3 FDTD Solver Version 8.27.3016 (Windows 64bit)
 expires (month/day/year): 1/29/2024
using config file: Ansys Licensing set with ANSYSLMD_LICENSE_FILE
license host: 1055@10.110.1.121
current time: Mon Mar 27 11:30:54 2023
Running on host: EC2AMAZ-5KQJIV4
host available memory (GB): 5.930414
All processes are communicating and ready to proceed to simulation...
Running fsp file: C:\Program Files\Lumerical\v221\bin\fdtd-engine-msmpi.exe -t 1 -remote D:/RMITRaceHubDataHiepDX/Lumerical-Coding/3431df34-inverse-design-of-grating-coupler-2d/pid_grating_coupler_2D_TE_base.fsp
number of processors is 1
processors are distributed as: 1x1x1
Running 2D Simulation
Starting meshing
Simulation size in gridpoints: 1516 x 90 x 1
Completed meshing!
Meshing complete in 0.03125 seconds of CPU time
0 0
Starting meshing
Simulation size in gridpoints: 1516 x 90 x 1
Completed meshing!
Meshing complete in 0.03125 seconds of CPU time
0 0
finished material properties
Selected kernel with optimization level: 2 and split-field propagation direction: 0
Starting meshing
Simulation size in gridpoints: 1516 x 90 x 1
Completed meshing!
Meshing complete in 0.03125 seconds of CPU time
0 0
Selected kernel with optimization level: 2 and split-field propagation direction: 0
-----------------------------------------
Beginning initialization of 2D FDTD Simulation
  Including TM Simulation
Starting to add sources to simulation

Adding Gaussian source propagating in Y
Starting to add boundary conditions to simulation
Adding PML BC
Adding PML BC
Adding PML BC
Adding PML BC
Starting to add monitors to Simulation
Adding analysis monitor
Adding frequency monitor
Adding frequency monitor
Finished initialization of 2D Simulation
-----------------------------------------
All processes are communicating and ready to proceed to simulation...
Starting 107063 total iterations
0.0448333% complete. Max time remaining: 1 min, 16 secs. Auto Shutoff: 1
1.89794% complete. Max time remaining: 1 min, 10 secs. Auto Shutoff: 1
3.81083% complete. Max time remaining: 1 min, 9 secs. Auto Shutoff: 1
5.68075% complete. Max time remaining: 1 min, 8 secs. Auto Shutoff: 6.8406e-08
100% complete. Max time remaining: 0 mins, 0 secs. Auto Shutoff: 6.8406e-08
Early termination of simulation, the autoshutoff criteria are satisfied.
Completed 6082 iterations, or 2.840376e-13s of Simulation Time
Process 0 starting to collect data
    collecting TM monitor data
    collecting TE monitor data
    collecting TM source data
    collecting TE source data
Finished collecting data
Simulation completed successfully at: Mon Mar 27 11:30:58 2023
Overall wall time measurements in seconds: 5.08463
    time to mesh and initialize: 0.155333
    time to run FDTD simulation: 4.08527
    time to checkpoint simulation: 5e-07
    time to finalize data and save to files: 0.0543718
    miscellaneous time: 0.789641
    FDTD solver speed on process 0: 203.127 Mnodes/s
    total FDTD solver speed on 1 processes: 203.127 Mnodes/s
