Ansys Lumerical 2022 R1.3 FDTD Solver Version 8.27.3016 (Windows 64bit)
 expires (month/day/year): 1/29/2024
using config file: Ansys Licensing set with ANSYSLMD_LICENSE_FILE
license host: 1055@10.110.1.121
current time: Mon Mar 27 11:22:27 2023
Running on host: EC2AMAZ-5KQJIV4
host available memory (GB): 5.987135
All processes are communicating and ready to proceed to simulation...
Running fsp file: C:\Program Files\Lumerical\v221\bin\fdtd-engine-msmpi.exe -t 1 -remote D:/RMITRaceHubDataHiepDX/Lumerical-Coding/3431df34-grating-coupler/grating_coupler_2D.fsp
Starting meshing
Simulation size in gridpoints: 945 x 1 x 1
Refined 0 mesh cells (0%)
Completed meshing!
Meshing complete in 0 seconds of CPU time
Starting meshing
Simulation size in gridpoints: 945 x 1 x 1
Refined 0 mesh cells (0%)
Completed meshing!
Meshing complete in 0 seconds of CPU time
Starting meshing
Simulation size in gridpoints: 945 x 1 x 1
Refined 0 mesh cells (0%)
Completed meshing!
Meshing complete in 0 seconds of CPU time
Starting meshing
Simulation size in gridpoints: 945 x 1 x 1
Refined 0 mesh cells (0%)
Completed meshing!
Meshing complete in 0 seconds of CPU time
Starting meshing
Simulation size in gridpoints: 945 x 1 x 1
Refined 0 mesh cells (0%)
Completed meshing!
Meshing complete in 0 seconds of CPU time
Starting meshing
Simulation size in gridpoints: 945 x 1 x 1
Refined 0 mesh cells (0%)
Completed meshing!
Meshing complete in 0 seconds of CPU time
left is a duplicate key.
bottom is a duplicate key.
z1 is a duplicate key.
z2 is a duplicate key.
Nx is a duplicate key.
Ny is a duplicate key.
Nz is a duplicate key.
Starting meshing
Simulation size in gridpoints: 1 x 49 x 1
Refined 0 mesh cells (0%)
Completed meshing!
Meshing complete in 0 seconds of CPU time
Starting meshing
Simulation size in gridpoints: 1 x 49 x 1
Refined 0 mesh cells (0%)
Completed meshing!
Meshing complete in 0 seconds of CPU time
Starting meshing
Simulation size in gridpoints: 1 x 49 x 1
Refined 0 mesh cells (0%)
Completed meshing!
Meshing complete in 0 seconds of CPU time
Starting meshing
Simulation size in gridpoints: 1 x 49 x 1
Refined 0 mesh cells (0%)
Completed meshing!
Meshing complete in 0 seconds of CPU time
Starting meshing
Simulation size in gridpoints: 1 x 49 x 1
Refined 0 mesh cells (0%)
Completed meshing!
Meshing complete in 0 seconds of CPU time
Starting meshing
Simulation size in gridpoints: 1 x 49 x 1
Refined 0 mesh cells (0%)
Completed meshing!
Meshing complete in 0 seconds of CPU time
left is a duplicate key.
bottom is a duplicate key.
z1 is a duplicate key.
z2 is a duplicate key.
Nx is a duplicate key.
Ny is a duplicate key.
Nz is a duplicate key.
number of processors is 1
processors are distributed as: 1x1x1
Running 2D Simulation
Starting meshing
Simulation size in gridpoints: 967 x 90 x 1
Refined 0 mesh cells (0%)
Completed meshing!
Meshing complete in 0.0625 seconds of CPU time
0 0
Starting meshing
Simulation size in gridpoints: 967 x 90 x 1
Refined 0 mesh cells (0%)
Completed meshing!
Meshing complete in 0.046875 seconds of CPU time
0 0
finished material properties
Selected kernel with optimization level: 2 and split-field propagation direction: 0
Starting meshing
Simulation size in gridpoints: 967 x 90 x 1
Refined 0 mesh cells (0%)
Completed meshing!
Meshing complete in 0.0625 seconds of CPU time
0 0
Selected kernel with optimization level: 2 and split-field propagation direction: 0
-----------------------------------------
Beginning initialization of 2D FDTD Simulation
  Including TM Simulation
Starting to add sources to simulation

Adding Mode source propagating in Y
Using frequency dependent profile
Starting to add boundary conditions to simulation
Adding PML BC
Adding PML BC
Adding PML BC
Adding PML BC
Starting to add monitors to Simulation
Adding analysis monitor
Adding frequency monitor
Adding frequency monitor
Adding index monitor
Finished initialization of 2D Simulation
-----------------------------------------
All processes are communicating and ready to proceed to simulation...
Starting 28921 total iterations
0.165972% complete. Max time remaining: 38 secs. Auto Shutoff: 1
1.71505% complete. Max time remaining: 1 min, 1 secs. Auto Shutoff: 1
3.48541% complete. Max time remaining: 53 secs. Auto Shutoff: 1
7.02615% complete. Max time remaining: 36 secs. Auto Shutoff: 0.103526
14.1076% complete. Max time remaining: 26 secs. Auto Shutoff: 5.12405e-05
20.6082% complete. Max time remaining: 22 secs. Auto Shutoff: 9.91436e-06
100% complete. Max time remaining: 0 mins, 0 secs. Auto Shutoff: 9.91436e-06
Early termination of simulation, the autoshutoff criteria are satisfied.
Completed 5960 iterations, or 4.121641e-13s of Simulation Time
Process 0 starting to collect data
    collecting TM monitor data
    collecting TE monitor data
    collecting TM source data
Using frequency dependent profile
    collecting TE source data
Finished collecting data
left is a duplicate key.
bottom is a duplicate key.
z1 is a duplicate key.
z2 is a duplicate key.
Nx is a duplicate key.
Ny is a duplicate key.
Nz is a duplicate key.
left is a duplicate key.
bottom is a duplicate key.
z1 is a duplicate key.
z2 is a duplicate key.
Nx is a duplicate key.
Ny is a duplicate key.
Nz is a duplicate key.
Simulation completed successfully at: Mon Mar 27 11:23:25 2023
Overall wall time measurements in seconds: 58.6585
    time to mesh and initialize: 0.501568
    time to run FDTD simulation: 5.61496
    time to checkpoint simulation: 1.4e-06
    time to finalize data and save to files: 50.5802
    miscellaneous time: 1.96179
    FDTD solver speed on process 0: 92.378 Mnodes/s
    total FDTD solver speed on 1 processes: 92.378 Mnodes/s
